2025-05-29 01:07:23,677 [INFO] Starting to scrape: https://www.literotica.com/s/hot-set
2025-05-29 01:07:24,075 [INFO] Fetching page 1: https://www.literotica.com/s/hot-set
2025-05-29 01:07:25,381 [INFO] Fetching page 2: https://www.literotica.com/s/hot-set?page=2
2025-05-29 01:07:26,716 [INFO] Fetching page 3: https://www.literotica.com/s/hot-set?page=3
2025-05-29 01:07:28,020 [INFO] Fetching page 4: https://www.literotica.com/s/hot-set?page=4
2025-05-29 01:07:29,518 [INFO] Fetching page 5: https://www.literotica.com/s/hot-set?page=5
2025-05-29 01:07:30,951 [INFO] Fetching page 6: https://www.literotica.com/s/hot-set?page=6
2025-05-29 01:07:32,271 [INFO] Fetching page 7: https://www.literotica.com/s/hot-set?page=7
2025-05-29 01:07:34,180 [INFO] Saved text file: Hot Set.txt
2025-05-29 01:07:34,219 [INFO] Saved PDF file: Hot Set.pdf
2025-05-29 01:23:11,801 [INFO] Validated story URL: https://www.literotica.com/s/hot-set
2025-05-29 01:23:15,113 [INFO] User selected output format option: 4
2025-05-29 01:23:15,113 [INFO] Starting story scrape...
2025-05-29 01:23:15,113 [INFO] Fetching URL: https://www.literotica.com/s/hot-set
2025-05-29 01:23:15,551 [INFO] Story title extracted: Hot Set
2025-05-29 01:23:15,555 [INFO] Processing page 1: https://www.literotica.com/s/hot-set
2025-05-29 01:23:15,556 [INFO] Fetching URL: https://www.literotica.com/s/hot-set
2025-05-29 01:23:15,858 [INFO] Extracted 46 paragraphs from story.
2025-05-29 01:23:15,858 [INFO] Next page URL found: https://www.literotica.com/s/hot-set?page=2
2025-05-29 01:23:16,863 [INFO] Processing page 2: https://www.literotica.com/s/hot-set?page=2
2025-05-29 01:23:16,864 [INFO] Fetching URL: https://www.literotica.com/s/hot-set?page=2
2025-05-29 01:23:17,157 [INFO] Extracted 61 paragraphs from story.
2025-05-29 01:23:17,157 [INFO] Next page URL found: https://www.literotica.com/s/hot-set?page=3
2025-05-29 01:23:18,163 [INFO] Processing page 3: https://www.literotica.com/s/hot-set?page=3
2025-05-29 01:23:18,163 [INFO] Fetching URL: https://www.literotica.com/s/hot-set?page=3
2025-05-29 01:23:18,458 [INFO] Extracted 54 paragraphs from story.
2025-05-29 01:23:18,458 [INFO] Next page URL found: https://www.literotica.com/s/hot-set?page=4
2025-05-29 01:23:19,464 [INFO] Processing page 4: https://www.literotica.com/s/hot-set?page=4
2025-05-29 01:23:19,464 [INFO] Fetching URL: https://www.literotica.com/s/hot-set?page=4
2025-05-29 01:23:19,764 [INFO] Extracted 63 paragraphs from story.
2025-05-29 01:23:19,764 [INFO] Next page URL found: https://www.literotica.com/s/hot-set?page=5
2025-05-29 01:23:20,769 [INFO] Processing page 5: https://www.literotica.com/s/hot-set?page=5
2025-05-29 01:23:20,769 [INFO] Fetching URL: https://www.literotica.com/s/hot-set?page=5
2025-05-29 01:23:21,068 [INFO] Extracted 63 paragraphs from story.
2025-05-29 01:23:21,068 [INFO] Next page URL found: https://www.literotica.com/s/hot-set?page=6
2025-05-29 01:23:22,073 [INFO] Processing page 6: https://www.literotica.com/s/hot-set?page=6
2025-05-29 01:23:22,074 [INFO] Fetching URL: https://www.literotica.com/s/hot-set?page=6
2025-05-29 01:23:22,524 [INFO] Extracted 63 paragraphs from story.
2025-05-29 01:23:22,524 [INFO] Next page URL found: https://www.literotica.com/s/hot-set?page=7
2025-05-29 01:23:23,529 [INFO] Processing page 7: https://www.literotica.com/s/hot-set?page=7
2025-05-29 01:23:23,530 [INFO] Fetching URL: https://www.literotica.com/s/hot-set?page=7
2025-05-29 01:23:23,833 [INFO] Extracted 50 paragraphs from story.
2025-05-29 01:23:23,834 [INFO] No next page link found; reached last page.
2025-05-29 01:23:28,166 [INFO] Created output directory: /Users/perez1999/Documents/code/books/Hot Set
2025-05-29 01:23:28,170 [INFO] TXT saved successfully: /Users/perez1999/Documents/code/books/Hot Set/Hot Set.txt
2025-05-29 01:23:28,191 [INFO] PDF saved successfully: /Users/perez1999/Documents/code/books/Hot Set/Hot Set.pdf
2025-05-29 01:23:28,202 [INFO] EPUB saved successfully: /Users/perez1999/Documents/code/books/Hot Set/Hot Set.epub
2025-05-29 01:23:28,202 [INFO] Scraping and saving completed successfully.
2025-05-29 01:28:44,015 [INFO] Validated story URL: https://www.literotica.com/s/business-trip-shared-hotel-room
2025-05-29 01:28:46,431 [INFO] User selected output format option: 4
2025-05-29 01:28:46,432 [INFO] Starting story scrape...
2025-05-29 01:28:46,432 [INFO] Fetching URL: https://www.literotica.com/s/business-trip-shared-hotel-room
2025-05-29 01:28:46,829 [INFO] Story title extracted: Business Trip - Shared Hotel Room
2025-05-29 01:28:46,829 [INFO] Processing page 1: https://www.literotica.com/s/business-trip-shared-hotel-room
2025-05-29 01:28:46,830 [INFO] Fetching URL: https://www.literotica.com/s/business-trip-shared-hotel-room
2025-05-29 01:28:47,295 [INFO] Extracted 80 paragraphs from story.
2025-05-29 01:28:47,295 [INFO] Next page URL found: https://www.literotica.com/s/business-trip-shared-hotel-room?page=2
2025-05-29 01:28:48,301 [INFO] Processing page 2: https://www.literotica.com/s/business-trip-shared-hotel-room?page=2
2025-05-29 01:28:48,301 [INFO] Fetching URL: https://www.literotica.com/s/business-trip-shared-hotel-room?page=2
2025-05-29 01:28:49,704 [INFO] Extracted 107 paragraphs from story.
2025-05-29 01:28:49,704 [INFO] Next page URL found: https://www.literotica.com/s/business-trip-shared-hotel-room?page=3
2025-05-29 01:28:50,706 [INFO] Processing page 3: https://www.literotica.com/s/business-trip-shared-hotel-room?page=3
2025-05-29 01:28:50,706 [INFO] Fetching URL: https://www.literotica.com/s/business-trip-shared-hotel-room?page=3
2025-05-29 01:28:51,625 [INFO] Extracted 35 paragraphs from story.
2025-05-29 01:28:51,625 [INFO] No next page link found; reached last page.
2025-05-29 01:28:57,279 [INFO] Created output directory: /Users/perez1999/Documents/code/books/Business Trip - Shared Hotel Room
2025-05-29 01:28:57,280 [INFO] TXT saved successfully: /Users/perez1999/Documents/code/books/Business Trip - Shared Hotel Room/Business Trip - Shared Hotel Room.txt
2025-05-29 01:28:57,291 [INFO] PDF saved successfully: /Users/perez1999/Documents/code/books/Business Trip - Shared Hotel Room/Business Trip - Shared Hotel Room.pdf
2025-05-29 01:28:57,300 [INFO] EPUB saved successfully: /Users/perez1999/Documents/code/books/Business Trip - Shared Hotel Room/Business Trip - Shared Hotel Room.epub
2025-05-29 01:28:57,300 [INFO] Scraping and saving completed successfully.
2025-05-29 02:15:08,902 [INFO] Validated story URL: https://www.literotica.com/s/a-crappy-holiday-get-together
2025-05-29 02:15:13,375 [INFO] User selected output format option: 4
2025-05-29 02:15:13,375 [INFO] Starting story scrape...
2025-05-29 02:15:13,375 [INFO] Fetching URL: https://www.literotica.com/s/a-crappy-holiday-get-together
2025-05-29 02:15:13,664 [INFO] Story title extracted: A Crappy Holiday Get Together
2025-05-29 02:15:13,665 [INFO] Processing page 1: https://www.literotica.com/s/a-crappy-holiday-get-together
2025-05-29 02:15:13,665 [INFO] Fetching URL: https://www.literotica.com/s/a-crappy-holiday-get-together
2025-05-29 02:15:13,965 [INFO] Extracted 116 paragraphs from story.
2025-05-29 02:15:13,966 [INFO] Next page URL found: https://www.literotica.com/s/a-crappy-holiday-get-together?page=2
2025-05-29 02:15:14,971 [INFO] Processing page 2: https://www.literotica.com/s/a-crappy-holiday-get-together?page=2
2025-05-29 02:15:14,971 [INFO] Fetching URL: https://www.literotica.com/s/a-crappy-holiday-get-together?page=2
2025-05-29 02:15:15,279 [INFO] Extracted 116 paragraphs from story.
2025-05-29 02:15:15,279 [INFO] Next page URL found: https://www.literotica.com/s/a-crappy-holiday-get-together?page=3
2025-05-29 02:15:16,284 [INFO] Processing page 3: https://www.literotica.com/s/a-crappy-holiday-get-together?page=3
2025-05-29 02:15:16,284 [INFO] Fetching URL: https://www.literotica.com/s/a-crappy-holiday-get-together?page=3
2025-05-29 02:15:16,580 [INFO] Extracted 113 paragraphs from story.
2025-05-29 02:15:16,580 [INFO] Next page URL found: https://www.literotica.com/s/a-crappy-holiday-get-together?page=4
2025-05-29 02:15:17,585 [INFO] Processing page 4: https://www.literotica.com/s/a-crappy-holiday-get-together?page=4
2025-05-29 02:15:17,585 [INFO] Fetching URL: https://www.literotica.com/s/a-crappy-holiday-get-together?page=4
2025-05-29 02:15:17,877 [INFO] Extracted 104 paragraphs from story.
2025-05-29 02:15:17,878 [INFO] Next page URL found: https://www.literotica.com/s/a-crappy-holiday-get-together?page=5
2025-05-29 02:15:18,883 [INFO] Processing page 5: https://www.literotica.com/s/a-crappy-holiday-get-together?page=5
2025-05-29 02:15:18,883 [INFO] Fetching URL: https://www.literotica.com/s/a-crappy-holiday-get-together?page=5
2025-05-29 02:15:19,174 [INFO] Extracted 136 paragraphs from story.
2025-05-29 02:15:19,174 [INFO] Next page URL found: https://www.literotica.com/s/a-crappy-holiday-get-together?page=6
2025-05-29 02:15:20,179 [INFO] Processing page 6: https://www.literotica.com/s/a-crappy-holiday-get-together?page=6
2025-05-29 02:15:20,179 [INFO] Fetching URL: https://www.literotica.com/s/a-crappy-holiday-get-together?page=6
2025-05-29 02:15:20,477 [INFO] Extracted 6 paragraphs from story.
2025-05-29 02:15:20,477 [INFO] No next page link found; reached last page.
2025-05-29 02:15:52,260 [INFO] Created output directory: ~/D[3~[3~[3~[3/A Crappy Holiday Get Together
2025-05-29 02:15:52,262 [INFO] TXT saved successfully: ~/D[3~[3~[3~[3/A Crappy Holiday Get Together/A Crappy Holiday Get Together.txt
2025-05-29 02:15:52,279 [ERROR] Failed to save PDF file.
2025-05-29 02:15:52,279 [ERROR] 'latin-1' codec can't encode characters in position 1722-1723: ordinal not in range(256)
Traceback (most recent call last):
  File "/Users/perez1999/Documents/code/books/literotica_extract.py", line 168, in save_as_pdf
    pdf.output(filename)
    ~~~~~~~~~~^^^^^^^^^^
  File "/Users/perez1999/code/miniconda3/lib/python3.13/site-packages/fpdf/fpdf.py", line 1065, in output
    self.close()
    ~~~~~~~~~~^^
  File "/Users/perez1999/code/miniconda3/lib/python3.13/site-packages/fpdf/fpdf.py", line 246, in close
    self._enddoc()
    ~~~~~~~~~~~~^^
  File "/Users/perez1999/code/miniconda3/lib/python3.13/site-packages/fpdf/fpdf.py", line 1636, in _enddoc
    self._putpages()
    ~~~~~~~~~~~~~~^^
  File "/Users/perez1999/code/miniconda3/lib/python3.13/site-packages/fpdf/fpdf.py", line 1170, in _putpages
    p = self.pages[n].encode("latin1") if PY3K else self.pages[n]
        ~~~~~~~~~~~~~~~~~~~~^^^^^^^^^^
UnicodeEncodeError: 'latin-1' codec can't encode characters in position 1722-1723: ordinal not in range(256)
2025-05-29 02:15:52,294 [INFO] EPUB saved successfully: ~/D[3~[3~[3~[3/A Crappy Holiday Get Together/A Crappy Holiday Get Together.epub
2025-05-29 02:15:52,294 [INFO] Scraping and saving completed successfully.
2025-05-29 02:16:08,377 [INFO] Validated story URL: https://www.literotica.com/s/a-crappy-holiday-get-together
2025-05-29 02:16:10,664 [INFO] User selected output format option: 4
2025-05-29 02:16:10,664 [INFO] Starting story scrape...
2025-05-29 02:16:10,664 [INFO] Fetching URL: https://www.literotica.com/s/a-crappy-holiday-get-together
2025-05-29 02:16:11,044 [INFO] Story title extracted: A Crappy Holiday Get Together
2025-05-29 02:16:11,044 [INFO] Processing page 1: https://www.literotica.com/s/a-crappy-holiday-get-together
2025-05-29 02:16:11,044 [INFO] Fetching URL: https://www.literotica.com/s/a-crappy-holiday-get-together
2025-05-29 02:16:11,344 [INFO] Extracted 116 paragraphs from story.
2025-05-29 02:16:11,344 [INFO] Next page URL found: https://www.literotica.com/s/a-crappy-holiday-get-together?page=2
2025-05-29 02:16:12,349 [INFO] Processing page 2: https://www.literotica.com/s/a-crappy-holiday-get-together?page=2
2025-05-29 02:16:12,349 [INFO] Fetching URL: https://www.literotica.com/s/a-crappy-holiday-get-together?page=2
2025-05-29 02:16:12,639 [INFO] Extracted 116 paragraphs from story.
2025-05-29 02:16:12,639 [INFO] Next page URL found: https://www.literotica.com/s/a-crappy-holiday-get-together?page=3
2025-05-29 02:16:13,644 [INFO] Processing page 3: https://www.literotica.com/s/a-crappy-holiday-get-together?page=3
2025-05-29 02:16:13,644 [INFO] Fetching URL: https://www.literotica.com/s/a-crappy-holiday-get-together?page=3
2025-05-29 02:16:13,941 [INFO] Extracted 113 paragraphs from story.
2025-05-29 02:16:13,941 [INFO] Next page URL found: https://www.literotica.com/s/a-crappy-holiday-get-together?page=4
2025-05-29 02:16:14,947 [INFO] Processing page 4: https://www.literotica.com/s/a-crappy-holiday-get-together?page=4
2025-05-29 02:16:14,947 [INFO] Fetching URL: https://www.literotica.com/s/a-crappy-holiday-get-together?page=4
2025-05-29 02:16:15,228 [INFO] Extracted 104 paragraphs from story.
2025-05-29 02:16:15,228 [INFO] Next page URL found: https://www.literotica.com/s/a-crappy-holiday-get-together?page=5
2025-05-29 02:16:16,233 [INFO] Processing page 5: https://www.literotica.com/s/a-crappy-holiday-get-together?page=5
2025-05-29 02:16:16,233 [INFO] Fetching URL: https://www.literotica.com/s/a-crappy-holiday-get-together?page=5
2025-05-29 02:16:16,527 [INFO] Extracted 136 paragraphs from story.
2025-05-29 02:16:16,527 [INFO] Next page URL found: https://www.literotica.com/s/a-crappy-holiday-get-together?page=6
2025-05-29 02:16:17,532 [INFO] Processing page 6: https://www.literotica.com/s/a-crappy-holiday-get-together?page=6
2025-05-29 02:16:17,533 [INFO] Fetching URL: https://www.literotica.com/s/a-crappy-holiday-get-together?page=6
2025-05-29 02:16:17,829 [INFO] Extracted 6 paragraphs from story.
2025-05-29 02:16:17,829 [INFO] No next page link found; reached last page.
2025-05-29 02:16:21,109 [INFO] Created output directory: /Users/perez1999/Documents/code/books/A Crappy Holiday Get Together
2025-05-29 02:16:21,110 [INFO] TXT saved successfully: /Users/perez1999/Documents/code/books/A Crappy Holiday Get Together/A Crappy Holiday Get Together.txt
2025-05-29 02:16:21,128 [ERROR] Failed to save PDF file.
2025-05-29 02:16:21,128 [ERROR] 'latin-1' codec can't encode characters in position 1722-1723: ordinal not in range(256)
Traceback (most recent call last):
  File "/Users/perez1999/Documents/code/books/literotica_extract.py", line 168, in save_as_pdf
    pdf.output(filename)
    ~~~~~~~~~~^^^^^^^^^^
  File "/Users/perez1999/code/miniconda3/lib/python3.13/site-packages/fpdf/fpdf.py", line 1065, in output
    self.close()
    ~~~~~~~~~~^^
  File "/Users/perez1999/code/miniconda3/lib/python3.13/site-packages/fpdf/fpdf.py", line 246, in close
    self._enddoc()
    ~~~~~~~~~~~~^^
  File "/Users/perez1999/code/miniconda3/lib/python3.13/site-packages/fpdf/fpdf.py", line 1636, in _enddoc
    self._putpages()
    ~~~~~~~~~~~~~~^^
  File "/Users/perez1999/code/miniconda3/lib/python3.13/site-packages/fpdf/fpdf.py", line 1170, in _putpages
    p = self.pages[n].encode("latin1") if PY3K else self.pages[n]
        ~~~~~~~~~~~~~~~~~~~~^^^^^^^^^^
UnicodeEncodeError: 'latin-1' codec can't encode characters in position 1722-1723: ordinal not in range(256)
2025-05-29 02:16:21,138 [INFO] EPUB saved successfully: /Users/perez1999/Documents/code/books/A Crappy Holiday Get Together/A Crappy Holiday Get Together.epub
2025-05-29 02:16:21,138 [INFO] Scraping and saving completed successfully.
